"../../../Engine/Content/Functions/Engine_MaterialFunctions01/Opacity/CameraDepthFade.uasset" 0
"../../../Engine/Content/EngineMaterials/T_Default_Material_Grid_M.uasset" 1
"../../../Engine/Content/EngineMaterials/T_Default_Material_Grid_N.uasset" 2
"../../../Engine/Content/EngineMaterials/WorldGridMaterial.uasset" 3
"../../../Engine/Content/ArtTools/RenderToTexture/Meshes/S_1_Unit_Plane.uasset" 4
"../../../Engine/Content/EngineMaterials/DefaultMaterial.uasset" 5
"../../../Engine/Content/BasicShapes/Cone.uasset" 6
"../../../Engine/Content/BasicShapes/Cylinder.uasset" 7
"../../../Engine/Content/BasicShapes/Plane.uasset" 8
"../../../Engine/Content/EditorLandscapeResources/DataLayer.uasset" 9
"../../../Engine/Content/EditorMaterials/GizmoMaterial.uasset" 10
"../../../Engine/Content/EditorMaterials/MAT_Groups_Toggle.uasset" 11
"../../../Engine/Content/EditorMaterials/MAT_Groups_Visibility.uasset" 12
"../../../Engine/Content/EditorMaterials/PreviewShadowIndicator.uasset" 13
"../../../Engine/Content/EditorMaterials/PreviewShadowIndicatorMaterial.uasset" 14
"../../../Engine/Content/EditorMaterials/MatineeGroups/MAT_ColorTrack.uasset" 15
"../../../Engine/Content/EditorMaterials/MatineeGroups/MAT_Groups_Anim.uasset" 16
"../../../Engine/Content/EditorMaterials/MatineeGroups/MAT_Groups_AudioMaster.uasset" 17
"../../../Engine/Content/EditorMaterials/MatineeGroups/MAT_Groups_Director.uasset" 18
"../../../Engine/Content/EditorMaterials/MatineeGroups/MAT_Groups_Event.uasset" 19
"../../../Engine/Content/EditorMaterials/MatineeGroups/MAT_Groups_Fade.uasset" 20
"../../../Engine/Content/EditorMaterials/MatineeGroups/MAT_Groups_Float.uasset" 21
"../../../Engine/Content/EditorMaterials/MatineeGroups/MAT_Groups_Move.uasset" 22
"../../../Engine/Content/EditorMaterials/MatineeGroups/MAT_Groups_Slomo.uasset" 23
"../../../Engine/Content/EditorMaterials/MatineeGroups/MAT_Groups_Sound.uasset" 24
"../../../Engine/Content/EditorMaterials/MatineeGroups/MAT_Groups_Vector.uasset" 25
"../../../Engine/Content/EditorMaterials/ParticleSystems/PSysThumbnail_NoImage.uasset" 26
"../../../Engine/Content/EditorMaterials/ParticleSystems/PSysThumbnail_OOD.uasset" 27
"../../../Engine/Content/EditorMaterials/Camera/CineMat.uasset" 28
"../../../Engine/Content/EditorMaterials/Camera/MI_CineMat_Rig.uasset" 29
"../../../Engine/Content/EditorMeshes/Camera/SM_CraneRig_Arm.uasset" 30
"../../../Engine/Content/EditorMeshes/Camera/SM_CraneRig_Base.uasset" 31
"../../../Engine/Content/EditorMeshes/Camera/SM_CraneRig_Body.uasset" 32
"../../../Engine/Content/EditorMeshes/Camera/SM_CraneRig_Mount.uasset" 33
"../../../Engine/Content/EditorMeshes/Camera/SM_RailRig_Mount.uasset" 34
"../../../Engine/Content/EditorMeshes/Camera/SM_RailRig_Track.uasset" 35
"../../../Engine/Content/EditorResources/BSPVertex.uasset" 36
"../../../Engine/Content/EditorResources/EmptyActor.uasset" 37
"../../../Engine/Content/EditorResources/S_Actor.uasset" 38
"../../../Engine/Content/EditorResources/S_Trigger.uasset" 39
"../../../Engine/Content/EditorResources/LightIcons/S_LightError.uasset" 40
"../../../Engine/Content/EditorResources/SequenceRecorder/Countdown.uasset" 41
"../../../Engine/Content/EditorResources/SequenceRecorder/RecordingIndicator.uasset" 42
"../../../Engine/Content/EditorSounds/Notifications/CompileFailed.uasset" 43
"../../../Engine/Content/EditorSounds/Notifications/CompileFailed_Cue.uasset" 44
"../../../Engine/Content/EditorSounds/Notifications/CompileSuccess.uasset" 45
"../../../Engine/Content/EditorSounds/Notifications/CompileStart_Cue.uasset" 46
"../../../Engine/Content/EditorSounds/Notifications/CompileSuccess_Cue.uasset" 47
"../../../Engine/Content/EngineDamageTypes/DmgTypeBP_Environmental.uasset" 48
"../../../Engine/Content/EngineDebugMaterials/HeatmapGradient.uasset" 49
"../../../Engine/Content/EngineDebugMaterials/BoneWeightMaterial.uasset" 50
"../../../Engine/Content/EngineDebugMaterials/ClothMaterial.uasset" 51
"../../../Engine/Content/EngineDebugMaterials/ClothMaterial_WF.uasset" 52
"../../../Engine/Content/EngineDebugMaterials/DebugEditorMaterial.uasset" 53
"../../../Engine/Content/EngineDebugMaterials/DebugMeshMaterial.uasset" 54
"../../../Engine/Content/EngineDebugMaterials/GeomMaterial.uasset" 55
"../../../Engine/Content/EngineDebugMaterials/M_SimpleTranslucent.uasset" 56
"../../../Engine/Content/EngineFonts/Faces/RobotoBold.uasset" 57
"../../../Engine/Content/EngineFonts/Faces/RobotoBoldItalic.uasset" 58
"../../../Engine/Content/EngineFonts/Faces/RobotoItalic.uasset" 59
"../../../Engine/Content/EngineFonts/Faces/RobotoLight.uasset" 60
"../../../Engine/Content/EngineFonts/Faces/RobotoRegular.uasset" 61
"../../../Engine/Content/EngineFonts/Roboto.uasset" 62
"../../../Engine/Content/EngineFonts/Faces/RobotoTiny.uasset" 63
"../../../Engine/Content/EngineFonts/RobotoTiny.uasset" 64
"../../../Engine/Content/EngineMaterials/BaseFlattenDiffuseMap.uasset" 65
"../../../Engine/Content/EngineMaterials/BaseFlattenEmissiveMap.uasset" 66
"../../../Engine/Content/EngineMaterials/BaseFlattenGrayscaleMap.uasset" 67
"../../../Engine/Content/EngineMaterials/BaseFlattenNormalMap.uasset" 68
"../../../Engine/Content/EngineMaterials/BaseFlattenMaterial.uasset" 69
"../../../Engine/Content/EngineMaterials/DefaultBloomKernel.uasset" 70
"../../../Engine/Content/EngineMaterials/DefaultBokeh.uasset" 71
"../../../Engine/Content/EngineMaterials/DefaultDiffuse.uasset" 72
"../../../Engine/Content/EngineMaterials/DefaultDeferredDecalMaterial.uasset" 73
"../../../Engine/Content/EngineMaterials/DefaultLightFunctionMaterial.uasset" 74
"../../../Engine/Content/EngineMaterials/DefaultPhysicalMaterial.uasset" 75
"../../../Engine/Content/Functions/Engine_MaterialFunctions02/Utility/BreakOutFloat2Components.uasset" 76
"../../../Engine/Content/EngineMaterials/DefaultPostProcessMaterial.uasset" 77
"../../../Engine/Content/EngineFonts/RobotoDistanceField.uasset" 78
"../../../Engine/Content/EngineMaterials/DefaultTextMaterialOpaque.uasset" 79
"../../../Engine/Content/EngineMaterials/DefaultWhiteGrid.uasset" 80
"../../../Engine/Content/EngineMaterials/EditorBrushMaterial.uasset" 81
"../../../Engine/Content/EngineMaterials/MiniFont.uasset" 82
"../../../Engine/Content/EngineMaterials/InvalidLightmapSettings.uasset" 83
"../../../Engine/Content/EngineMaterials/M_InvalidLightmapSettings.uasset" 84
"../../../Engine/Content/Functions/Engine_MaterialFunctions02/WorldPositionOffset/CameraOffset.uasset" 85
"../../../Engine/Content/EngineMaterials/PhAT_JointLimitMaterial.uasset" 86
"../../../Engine/Content/EngineMaterials/PreintegratedSkinBRDF.uasset" 87
"../../../Engine/Content/EngineMaterials/RemoveSurfaceMaterial.uasset" 88
"../../../Engine/Content/EngineMaterials/WeightMapPlaceholderTexture.uasset" 89
"../../../Engine/Content/EngineResources/WhiteSquareTexture.uasset" 90
"../../../Engine/Content/EngineMaterials/Widget3DPassThrough.uasset" 91
"../../../Engine/Content/EngineMaterials/Widget3DPassThrough_Masked.uasset" 92
"../../../Engine/Content/EngineMaterials/Widget3DPassThrough_Opaque.uasset" 93
"../../../Engine/Content/EngineMaterials/Widget3DPassThrough_Masked_OneSided.uasset" 94
"../../../Engine/Content/EngineMaterials/Widget3DPassThrough_Opaque_OneSided.uasset" 95
"../../../Engine/Content/EngineMaterials/Widget3DPassThrough_Translucent.uasset" 96
"../../../Engine/Content/EngineMaterials/Widget3DPassThrough_Translucent_OneSided.uasset" 97
"../../../Engine/Content/EngineMeshes/Cube.uasset" 98
"../../../Engine/Content/EngineMeshes/Cylinder.uasset" 99
"../../../Engine/Content/EngineMeshes/Sphere.uasset" 100
"../../../Engine/Content/EngineResources/Black.uasset" 101
"../../../Engine/Content/EngineResources/DefaultTexture.uasset" 102
"../../../Engine/Content/EngineResources/DefaultTextureCube.uasset" 103
"../../../Engine/Content/EngineResources/DefaultVolumeTexture2D.uasset" 104
"../../../Engine/Content/EngineResources/DefaultVolumeTexture.uasset" 105
"../../../Engine/Content/EngineResources/GradientTexture0.uasset" 106
"../../../Engine/Content/EngineSounds/Master.uasset" 107
"../../../Engine/Content/Functions/Engine_MaterialFunctions01/Shading/ConvertFromDiffSpec.uasset" 108
"../../../Engine/Content/Functions/Engine_MaterialFunctions01/Shading/PowerToRoughness.uasset" 109
"../../../Engine/Content/Maps/Templates/Thumbnails/Default.uasset" 110
"../../../Engine/Content/Maps/Templates/Thumbnails/VR-Basic.uasset" 111
"../../../Engine/Content/MobileResources/T_MobileControls_texture.uasset" 112
"../../../Engine/Content/MobileResources/T_MobileMenu2.uasset" 113
"../../../Engine/Content/MobileResources/HUD/AnalogHat.uasset" 114
"../../../Engine/Content/MobileResources/HUD/VirtualJoystick_Background.uasset" 115
"../../../Engine/Content/MobileResources/HUD/VirtualJoystick_Thumb.uasset" 116
"../../../Engine/Content/MobileResources/HUD/DefaultVirtualJoysticks.uasset" 117
"../../../Engine/Content/MobileResources/HUD/LeftVirtualJoystickOnly.uasset" 118
"../../../Engine/Content/MobileResources/HUD/MobileHUDButton1_off.uasset" 119
"../../../Engine/Content/MobileResources/HUD/MobileHUDButton1_on.uasset" 120
"../../../Engine/Content/MobileResources/HUD/MobileHUDButton2_off.uasset" 121
"../../../Engine/Content/MobileResources/HUD/MobileHUDButton2_on.uasset" 122
"../../../Engine/Content/MobileResources/HUD/MobileHUDButton3.uasset" 123
"../../../Engine/Content/MobileResources/HUD/MobileHUDButtonFire.uasset" 124
"../../../Engine/Content/MobileResources/HUD/MobileHUDDirectionPad.uasset" 125
"../../../Engine/Content/MobileResources/HUD/MobileHUDDirectionPad2.uasset" 126
"../../../Engine/Content/MobileResources/HUD/MobileHUDDirectionPad3.uasset" 127
"../../../Engine/Content/MobileResources/HUD/MobileHUDDirectionStick.uasset" 128
"../../../Engine/Content/MobileResources/HUD/T_Castle_ThumbstickInner.uasset" 129
"../../../Engine/Content/MobileResources/HUD/T_Castle_ThumbstickOutter.uasset" 130
"../../../Engine/Content/Tutorial/ContentIntroCurve.uasset" 131
"../../../Engine/Content/Tutorial/Basics/TutorialAssets/icon_tab_Levels_40x.uasset" 132
"../../../Engine/Content/Tutorial/BlueprintTutorials/TutorialAssets/BlueprintMacroLibrary_64x.uasset" 133
"../../../Engine/Content/Tutorial/BlueprintTutorials/TutorialAssets/Blueprint_64x.uasset" 134
"../../../Engine/Content/Tutorial/Paper2D/TutorialAssets/Paper2DFlipbook_TutorialIcon.uasset" 135
"../../../Engine/Content/Tutorial/SubEditors/TutorialAssets/TutorialMaterial.uasset" 136
"../../../Engine/Content/VREditor/LaserPointer/VR_LaserPower_01.uasset" 137
"../../../Engine/Content/VREditor/TransformGizmo/TransformGizmoMaterial.uasset" 138
"../../../Engine/Content/VREditor/TransformGizmo/TranslucentTransformGizmoMaterial.uasset" 139
"../../../Engine/Content/VREditor/TransformGizmo/BoundingBoxCorner.uasset" 140
"../../../Engine/Content/VREditor/TransformGizmo/BoundingBoxEdge.uasset" 141
"../../../Engine/Content/VREditor/TransformGizmo/PlaneTranslationHandle.uasset" 142
"../../../Engine/Content/VREditor/TransformGizmo/Main.uasset" 143
"../../../Engine/Content/VREditor/TransformGizmo/Xray.uasset" 144
"../../../Engine/Content/VREditor/TransformGizmo/SM_Sequencer_Key.uasset" 145
"../../../Engine/Content/VREditor/TransformGizmo/SM_Sequencer_Node.uasset" 146
"../../Plugins/2D/Paper2D/Content/PlaceholderTextures/DummySpriteTexture.uasset" 147
"../../Plugins/2D/Paper2D/Content/DummySprite.uasset" 148
"../../Plugins/2D/Paper2D/Content/DefaultPaperTerrainMaterial.uasset" 149
"../../Plugins/2D/Paper2D/Content/DefaultSpriteMaterial.uasset" 150
"../../Plugins/2D/Paper2D/Content/MaskedUnlitSpriteMaterial.uasset" 151
"../../Plugins/2D/Paper2D/Content/OpaqueUnlitSpriteMaterial.uasset" 152
"../../Plugins/Runtime/Oculus/OculusVR/Content/Materials/PokeAHoleMaterial.uasset" 153
"../../Plugins/Runtime/Oculus/OculusVR/Content/Textures/GearVRController_AO.uasset" 154
"../../Plugins/Runtime/Oculus/OculusVR/Content/Textures/GearVRController_Color.uasset" 155
"../../Plugins/Runtime/Oculus/OculusVR/Content/Textures/GearVRController_Normal.uasset" 156
"../../Plugins/Runtime/Oculus/OculusVR/Content/Materials/GearVRControllerMaterial.uasset" 157
"../../Plugins/Runtime/Oculus/OculusVR/Content/Meshes/GearVrController.uasset" 158
"../../Plugins/Runtime/Oculus/OculusVR/Content/Textures/touchController_albedo.uasset" 159
"../../Plugins/Runtime/Oculus/OculusVR/Content/Textures/touchController_controlmap.uasset" 160
"../../Plugins/Runtime/Oculus/OculusVR/Content/Materials/touchController_mat.uasset" 161
"../../Plugins/Runtime/Oculus/OculusVR/Content/Meshes/LeftTouchController.uasset" 162
"../../Plugins/Runtime/Oculus/OculusVR/Content/Meshes/RiftHMD.uasset" 163
"../../Plugins/Runtime/Oculus/OculusVR/Content/Meshes/RightTouchController.uasset" 164
"../../../../../../Users/Stefan/source/UnrealRepos/MazeRunner/Content/DungeonGenerator/Data/ConnectionMatch.uasset" 165
"../../../../../../Users/Stefan/source/UnrealRepos/MazeRunner/Content/DungeonGenerator/Blueprints/LayoutModifier.uasset" 166
"../../../../../../Users/Stefan/source/UnrealRepos/MazeRunner/Content/DungeonGenerator/Blueprints/TileCondition.uasset" 167
"../../../../../../Users/Stefan/source/UnrealRepos/MazeRunner/Content/DungeonGenerator/Data/TileConnection.uasset" 168
"../../../../../../Users/Stefan/source/UnrealRepos/MazeRunner/Content/DungeonGenerator/Data/TileData.uasset" 169
"../../../Engine/Content/EditorBlueprintResources/StandardMacros.uasset" 170
"../../../../../../Users/Stefan/source/UnrealRepos/MazeRunner/Content/DungeonGenerator/Blueprints/DungeonInterface.uasset" 171
"../../../../../../Users/Stefan/source/UnrealRepos/MazeRunner/Content/DungeonGenerator/Data/TileEntry.uasset" 172
"../../../../../../Users/Stefan/source/UnrealRepos/MazeRunner/Content/DungeonGenerator/Blueprints/DungeonTile.uasset" 173
"../../../../../../Users/Stefan/source/UnrealRepos/MazeRunner/Content/DungeonGenerator/Data/InstancedMeshMaterialEntry.uasset" 174
"../../../../../../Users/Stefan/source/UnrealRepos/MazeRunner/Content/DungeonGenerator/Data/InstancedMeshEntry.uasset" 175
"../../../../../../Users/Stefan/source/UnrealRepos/MazeRunner/Content/DungeonGenerator/LoadingScreen.uasset" 176
"../../../Engine/Content/EditorResources/S_VectorFieldVol.uasset" 177
"../../../../../../Users/Stefan/source/UnrealRepos/MazeRunner/Content/DungeonGenerator/Blueprints/DungeonGenerator.uasset" 178
"../../../../../../Users/Stefan/source/UnrealRepos/MazeRunner/Content/DungeonGenerator/Blueprints/Layout_Blueprint/IsKeyTileSpawned.uasset" 179
"../../../../../../Users/Stefan/source/UnrealRepos/MazeRunner/Content/AI/PlayerController_BP.uasset" 180
"../../../../../../Users/Stefan/source/UnrealRepos/MazeRunner/Content/FirstPerson/Textures/FirstPersonCrosshair.uasset" 181
"../../../../../../Users/Stefan/source/UnrealRepos/MazeRunner/Content/FirstPerson/Character/Mesh/SK_Mannequin_Arms_Skeleton.uasset" 182
"../../../../../../Users/Stefan/source/UnrealRepos/MazeRunner/Content/FirstPerson/Animations/FirstPerson_Idle.uasset" 183
"../../../../../../Users/Stefan/source/UnrealRepos/MazeRunner/Content/FirstPerson/Animations/FirstPerson_JumpEnd.uasset" 184
"../../../../../../Users/Stefan/source/UnrealRepos/MazeRunner/Content/FirstPerson/Animations/FirstPerson_JumpLoop.uasset" 185
"../../../../../../Users/Stefan/source/UnrealRepos/MazeRunner/Content/FirstPerson/Animations/FirstPerson_JumpStart.uasset" 186
"../../../../../../Users/Stefan/source/UnrealRepos/MazeRunner/Content/FirstPerson/Animations/FirstPerson_Run.uasset" 187
"../../../../../../Users/Stefan/source/UnrealRepos/MazeRunner/Content/StarterContent/Audio/Footstep_Wood_01.uasset" 188
"../../../../../../Users/Stefan/source/UnrealRepos/MazeRunner/Content/StarterContent/Audio/Footsteps_Grass_01.uasset" 189
"../../../../../../Users/Stefan/source/UnrealRepos/MazeRunner/Content/FirstPerson/Animations/FirstPerson_AnimBP.uasset" 190
"../../../../../../Users/Stefan/source/UnrealRepos/MazeRunner/Content/FirstPerson/Animations/Player_Shoot_Sequence.uasset" 191
"../../../../../../Users/Stefan/source/UnrealRepos/MazeRunner/Content/FirstPerson/Animations/FirstPersonFire_MontageEdit.uasset" 192
"../../../../../../Users/Stefan/source/UnrealRepos/MazeRunner/Content/FPS_Weapon_Bundle/Weapons/Textures/KA74U/T_KA74U_ALB.uasset" 193
"../../../../../../Users/Stefan/source/UnrealRepos/MazeRunner/Content/FPS_Weapon_Bundle/Weapons/Textures/KA74U/T_KA74U_M_MSK.uasset" 194
"../../../../../../Users/Stefan/source/UnrealRepos/MazeRunner/Content/FPS_Weapon_Bundle/Weapons/Textures/KA74U/T_KA74U_NRM.uasset" 195
"../../../../../../Users/Stefan/source/UnrealRepos/MazeRunner/Content/FPS_Weapon_Bundle/Weapons/Textures/Patterns/T_Stripes__Pattern.uasset" 196
"../../../../../../Users/Stefan/source/UnrealRepos/MazeRunner/Content/FPS_Weapon_Bundle/Weapons/Materials/Master_Material/M_Weapon_Master_USE.uasset" 197
"../../../../../../Users/Stefan/source/UnrealRepos/MazeRunner/Content/FPS_Weapon_Bundle/Weapons/Textures/Ammunition/T_40mm_Grenade_ALB.uasset" 198
"../../../../../../Users/Stefan/source/UnrealRepos/MazeRunner/Content/FPS_Weapon_Bundle/Weapons/Textures/Ammunition/T_40mm_Grenade_M_MSK.uasset" 199
"../../../../../../Users/Stefan/source/UnrealRepos/MazeRunner/Content/FPS_Weapon_Bundle/Weapons/Textures/Ammunition/T_40mm_Grenade_NRM.uasset" 200
"../../../../../../Users/Stefan/source/UnrealRepos/MazeRunner/Content/FPS_Weapon_Bundle/Weapons/Materials/Ammunition/M_40mm_Grenade.uasset" 201
"../../../../../../Users/Stefan/source/UnrealRepos/MazeRunner/Content/FPS_Weapon_Bundle/Weapons/Meshes/Ammunition/SM_Shell_40mm_G.uasset" 202
"../../../../../../Users/Stefan/source/UnrealRepos/MazeRunner/Content/FirstPersonCPP/Blueprints/FirstPersonProjectile.uasset" 203
"../../../../../../Users/Stefan/source/UnrealRepos/MazeRunner/Content/FirstPerson/Audio/FirstPersonTemplateWeaponFire02.uasset" 204
"../../../../../../Users/Stefan/source/UnrealRepos/MazeRunner/Content/FPS_Weapon_Bundle/Weapons/Textures/Ammunition/T_762x39_ALB.uasset" 205
"../../../../../../Users/Stefan/source/UnrealRepos/MazeRunner/Content/FPS_Weapon_Bundle/Weapons/Textures/Ammunition/T_762x39_M_MSK.uasset" 206
"../../../../../../Users/Stefan/source/UnrealRepos/MazeRunner/Content/FPS_Weapon_Bundle/Weapons/Textures/Ammunition/T_762x39_NRM.uasset" 207
"../../../../../../Users/Stefan/source/UnrealRepos/MazeRunner/Content/FPS_Weapon_Bundle/Weapons/Materials/Ammunition/M_762x39_Empty.uasset" 208
"../../../../../../Users/Stefan/source/UnrealRepos/MazeRunner/Content/FPS_Weapon_Bundle/Weapons/Textures/AR4/T_AR4_ALB.uasset" 209
"../../../../../../Users/Stefan/source/UnrealRepos/MazeRunner/Content/FPS_Weapon_Bundle/Weapons/Textures/AR4/T_AR4_M_MSK.uasset" 210
"../../../../../../Users/Stefan/source/UnrealRepos/MazeRunner/Content/FPS_Weapon_Bundle/Weapons/Textures/AR4/T_AR4_NRM.uasset" 211
"../../../../../../Users/Stefan/source/UnrealRepos/MazeRunner/Content/FPS_Weapon_Bundle/Weapons/Materials/AR4/M_AR4.uasset" 212
"../../../../../../Users/Stefan/source/UnrealRepos/MazeRunner/Content/FPS_Weapon_Bundle/Weapons/Meshes/AR4/SK_AR4_Physics.uasset" 213
"../../../../../../Users/Stefan/source/UnrealRepos/MazeRunner/Content/FPS_Weapon_Bundle/Weapons/Meshes/AR4/SK_AR4_Skeleton.uasset" 214
"../../../../../../Users/Stefan/source/UnrealRepos/MazeRunner/Content/FPS_Weapon_Bundle/Weapons/Meshes/AR4/SK_AR4.uasset" 215
"../../../../../../Users/Stefan/source/UnrealRepos/MazeRunner/Content/FirstPersonCPP/Blueprints/Gun_BP.uasset" 216
"../../../Engine/Content/Functions/Engine_MaterialFunctions02/Utility/BlendAngleCorrectedNormals.uasset" 217
"../../../Engine/Content/Functions/MaterialLayerFunctions/MatLayerBlend_NormalBlend.uasset" 218
"../../../Engine/Content/Functions/MaterialLayerFunctions/MatLayerBlend_Simple.uasset" 219
"../../../../../../Users/Stefan/source/UnrealRepos/MazeRunner/Content/FirstPerson/Character/Materials/MaterialLayers/T_ML_Rubber_Blue_01_D.uasset" 220
"../../../../../../Users/Stefan/source/UnrealRepos/MazeRunner/Content/FirstPerson/Character/Materials/MaterialLayers/T_ML_Rubber_Blue_01_N.uasset" 221
"../../../../../../Users/Stefan/source/UnrealRepos/MazeRunner/Content/FirstPerson/Character/Materials/MaterialLayers/ML_GlossyBlack_Latex_UE4.uasset" 222
"../../../../../../Users/Stefan/source/UnrealRepos/MazeRunner/Content/FirstPerson/Character/Materials/MaterialLayers/ML_Plastic_Shiny_Beige.uasset" 223
"../../../../../../Users/Stefan/source/UnrealRepos/MazeRunner/Content/FirstPerson/Character/Textures/UE4_LOGO_CARD.uasset" 224
"../../../../../../Users/Stefan/source/UnrealRepos/MazeRunner/Content/FirstPerson/Character/Materials/MaterialLayers/ML_Plastic_Shiny_Beige_LOGO.uasset" 225
"../../../../../../Users/Stefan/source/UnrealRepos/MazeRunner/Content/FirstPerson/Character/Materials/MaterialLayers/T_ML_Aluminum01.uasset" 226
"../../../../../../Users/Stefan/source/UnrealRepos/MazeRunner/Content/FirstPerson/Character/Materials/MaterialLayers/T_ML_Aluminum01_N.uasset" 227
"../../../../../../Users/Stefan/source/UnrealRepos/MazeRunner/Content/FirstPerson/Character/Materials/MaterialLayers/ML_SoftMetal_UE4.uasset" 228
"../../../../../../Users/Stefan/source/UnrealRepos/MazeRunner/Content/MilitaryCharDark/Textures/MW_Style2_Male_Norm.uasset" 229
"../../../../../../Users/Stefan/source/UnrealRepos/MazeRunner/Content/FirstPerson/Character/Materials/M_UE4Man_Body.uasset" 230
"../../../../../../Users/Stefan/source/UnrealRepos/MazeRunner/Content/FirstPerson/Character/Mesh/SK_Mannequin_Arms_PhysicsAsset.uasset" 231
"../../../../../../Users/Stefan/source/UnrealRepos/MazeRunner/Content/FirstPerson/Character/Mesh/SK_Mannequin_Arms.uasset" 232
"../../../../../../Users/Stefan/source/UnrealRepos/MazeRunner/Content/FirstPersonCPP/Interface/GameOver.uasset" 233
"../../../../../../Users/Stefan/source/UnrealRepos/MazeRunner/Content/FirstPersonCPP/Blueprints/Player_BP.uasset" 234
"../../../../../../Users/Stefan/source/UnrealRepos/MazeRunner/Content/FirstPersonCPP/Interface/PlayerUI/PlayerView.uasset" 235
"../../../../../../Users/Stefan/source/UnrealRepos/MazeRunner/Content/Blueprint/HUD_Blueprints/MazeRunner_HUD.uasset" 236
"../../../../../../Users/Stefan/source/UnrealRepos/MazeRunner/Content/GameModes/MazeRunnerGamemode_BP.uasset" 237
"../../../../../../Users/Stefan/source/UnrealRepos/MazeRunner/Content/Maps/TileMaps/ConnectionTypes.uasset" 238
"../../../../../../Users/Stefan/source/UnrealRepos/MazeRunner/Content/DungeonGenerator/Blueprints/ConditionBlueprint/EndTileCondition.uasset" 239
"../../../../../../Users/Stefan/source/UnrealRepos/MazeRunner/Content/DungeonGenerator/Blueprints/ConditionBlueprint/EnemySpawnerCondition.uasset" 240
"../../../../../../Users/Stefan/source/UnrealRepos/MazeRunner/Content/StarterContent/Materials/Blue.uasset" 241
"../../../../../../Users/Stefan/source/UnrealRepos/MazeRunner/Content/StarterContent/Materials/Green.uasset" 242
"../../../../../../Users/Stefan/source/UnrealRepos/MazeRunner/Content/StarterContent/Textures/T_Brick_Clay_Beveled_D.uasset" 243
"../../../../../../Users/Stefan/source/UnrealRepos/MazeRunner/Content/StarterContent/Textures/T_Brick_Clay_Beveled_M.uasset" 244
"../../../../../../Users/Stefan/source/UnrealRepos/MazeRunner/Content/StarterContent/Textures/T_Brick_Clay_Beveled_N.uasset" 245
"../../../../../../Users/Stefan/source/UnrealRepos/MazeRunner/Content/StarterContent/Textures/T_MacroVariation.uasset" 246
"../../../../../../Users/Stefan/source/UnrealRepos/MazeRunner/Content/StarterContent/Materials/M_Brick_Clay_Beveled.uasset" 247
"../../../../../../Users/Stefan/source/UnrealRepos/MazeRunner/Content/StarterContent/Materials/M_Metal_Chrome.uasset" 248
"../../../../../../Users/Stefan/source/UnrealRepos/MazeRunner/Content/StarterContent/Textures/T_Metal_Copper_D.uasset" 249
"../../../../../../Users/Stefan/source/UnrealRepos/MazeRunner/Content/StarterContent/Textures/T_Metal_Gold_N.uasset" 250
"../../../../../../Users/Stefan/source/UnrealRepos/MazeRunner/Content/StarterContent/Materials/M_Metal_Copper.uasset" 251
"../../../Engine/Content/Functions/Engine_MaterialFunctions01/Opacity/AlphaOffset.uasset" 252
"../../../../../../Users/Stefan/source/UnrealRepos/MazeRunner/Content/PhysicalMaterial/WoodMaterial.uasset" 253
"../../../../../../Users/Stefan/source/UnrealRepos/MazeRunner/Content/StarterContent/Textures/T_Wood_Floor_Walnut_D.uasset" 254
"../../../../../../Users/Stefan/source/UnrealRepos/MazeRunner/Content/StarterContent/Textures/T_Wood_Floor_Walnut_M.uasset" 255
"../../../../../../Users/Stefan/source/UnrealRepos/MazeRunner/Content/StarterContent/Textures/T_Wood_Floor_Walnut_N.uasset" 256
"../../../../../../Users/Stefan/source/UnrealRepos/MazeRunner/Content/StarterContent/Materials/M_Wood_Floor_Walnut_Worn.uasset" 257
"../../../../../../Users/Stefan/source/UnrealRepos/MazeRunner/Content/StarterContent/Textures/T_Wood_Oak_D.uasset" 258
"../../../../../../Users/Stefan/source/UnrealRepos/MazeRunner/Content/StarterContent/Textures/T_Wood_Oak_N.uasset" 259
"../../../../../../Users/Stefan/source/UnrealRepos/MazeRunner/Content/StarterContent/Materials/M_Wood_Oak.uasset" 260
"../../../../../../Users/Stefan/source/UnrealRepos/MazeRunner/Content/StarterContent/Materials/Red.uasset" 261
"../../../../../../Users/Stefan/source/UnrealRepos/MazeRunner/Content/StarterContent/Materials/Yellow.uasset" 262
"../../../../../../Users/Stefan/source/UnrealRepos/MazeRunner/Content/StarterContent/Textures/T_Chair_M.uasset" 263
"../../../../../../Users/Stefan/source/UnrealRepos/MazeRunner/Content/StarterContent/Textures/T_Chair_N.uasset" 264
"../../../../../../Users/Stefan/source/UnrealRepos/MazeRunner/Content/StarterContent/Props/Materials/M_Chair.uasset" 265
"../../../../../../Users/Stefan/source/UnrealRepos/MazeRunner/Content/StarterContent/Textures/T_Frame_M.uasset" 266
"../../../../../../Users/Stefan/source/UnrealRepos/MazeRunner/Content/StarterContent/Textures/T_Frame_N.uasset" 267
"../../../../../../Users/Stefan/source/UnrealRepos/MazeRunner/Content/StarterContent/Props/Materials/M_Frame.uasset" 268
"../../../../../../Users/Stefan/source/UnrealRepos/MazeRunner/Content/StarterContent/Textures/T_Lamp_M.uasset" 269
"../../../../../../Users/Stefan/source/UnrealRepos/MazeRunner/Content/StarterContent/Textures/T_Lamp_N.uasset" 270
"../../../../../../Users/Stefan/source/UnrealRepos/MazeRunner/Content/StarterContent/Props/Materials/M_Lamp.uasset" 271
"../../../../../../Users/Stefan/source/UnrealRepos/MazeRunner/Content/StarterContent/Textures/T_Shelf_M.uasset" 272
"../../../../../../Users/Stefan/source/UnrealRepos/MazeRunner/Content/StarterContent/Textures/T_Shelf_N.uasset" 273
"../../../../../../Users/Stefan/source/UnrealRepos/MazeRunner/Content/StarterContent/Props/Materials/M_Shelf.uasset" 274
"../../../../../../Users/Stefan/source/UnrealRepos/MazeRunner/Content/StarterContent/Textures/T_Statue_M.uasset" 275
"../../../../../../Users/Stefan/source/UnrealRepos/MazeRunner/Content/StarterContent/Textures/T_Statue_N.uasset" 276
"../../../../../../Users/Stefan/source/UnrealRepos/MazeRunner/Content/StarterContent/Props/Materials/M_Statue.uasset" 277
"../../../../../../Users/Stefan/source/UnrealRepos/MazeRunner/Content/StarterContent/Textures/T_TableRound_M.uasset" 278
"../../../../../../Users/Stefan/source/UnrealRepos/MazeRunner/Content/StarterContent/Textures/T_TableRound_N.uasset" 279
"../../../../../../Users/Stefan/source/UnrealRepos/MazeRunner/Content/StarterContent/Props/Materials/M_TableRound.uasset" 280
"../../../Engine/Content/Functions/Engine_MaterialFunctions01/ImageAdjustment/BlurSampleOffsets.uasset" 281
"../../../Engine/Content/Functions/Engine_MaterialFunctions01/ImageAdjustment/CheapContrast_RGB.uasset" 282
"../../../Engine/Content/Functions/Engine_MaterialFunctions02/HueShift.uasset" 283
"../../../Engine/Content/Functions/Engine_MaterialFunctions02/Texturing/ScreenAlignedPixelToPixelUVs.uasset" 284
"../../../Engine/Content/EngineMaterials/Good64x64TilingNoiseHighFreq.uasset" 285
"../../../Engine/Content/Functions/Engine_MaterialFunctions02/Utility/DitherTemporalAA.uasset" 286
"../../../../../../Users/Stefan/source/UnrealRepos/MazeRunner/Content/Blueprint/JunkItems/CrateMesh/Textures/BaseTextures/B_N.uasset" 287
"../../../../../../Users/Stefan/source/UnrealRepos/MazeRunner/Content/Blueprint/JunkItems/CrateMesh/Textures/BaseTextures/BB_D.uasset" 288
"../../../../../../Users/Stefan/source/UnrealRepos/MazeRunner/Content/Blueprint/JunkItems/CrateMesh/Textures/BaseTextures/BG_D.uasset" 289
"../../../../../../Users/Stefan/source/UnrealRepos/MazeRunner/Content/Blueprint/JunkItems/CrateMesh/Textures/BaseTextures/T_MASK1.uasset" 290
"../../../../../../Users/Stefan/source/UnrealRepos/MazeRunner/Content/Blueprint/JunkItems/CrateMesh/Textures/BaseTextures/T_MASK2.uasset" 291
"../../../../../../Users/Stefan/source/UnrealRepos/MazeRunner/Content/Blueprint/JunkItems/CrateMesh/Materials/BaseMaterial/M_base.uasset" 292
"../../../../../../Users/Stefan/source/UnrealRepos/MazeRunner/Content/Blueprint/JunkItems/CrateMesh/Textures/T_Box01_D.uasset" 293
"../../../../../../Users/Stefan/source/UnrealRepos/MazeRunner/Content/Blueprint/JunkItems/CrateMesh/Textures/T_Box01_N.uasset" 294
"../../../../../../Users/Stefan/source/UnrealRepos/MazeRunner/Content/Blueprint/JunkItems/CrateMesh/Textures/T_Box01_SRM.uasset" 295
"../../../../../../Users/Stefan/source/UnrealRepos/MazeRunner/Content/Blueprint/JunkItems/CrateMesh/Materials/MI_Box01_2.uasset" 296
"../../../Engine/Content/EngineMaterials/NewBaseFlattenMaterial.uasset" 297
"../../../../../../Users/Stefan/source/UnrealRepos/MazeRunner/Content/StarterContent/Architecture/M_Wall_400x300_M_Brick_Clay_Beveled_A6A8D6F84A13452FD9643CA4B8ABFD18.uasset" 298
"../../../../../../Users/Stefan/source/UnrealRepos/MazeRunner/Content/Meshes/ColourPuzzleStaticMesh.uasset" 299
"../../../../../../Users/Stefan/source/UnrealRepos/MazeRunner/Content/PhysicalMaterial/GrassMaterial.uasset" 300
"../../../../../../Users/Stefan/source/UnrealRepos/MazeRunner/Content/StarterContent/Textures/T_Ground_Grass_D.uasset" 301
"../../../../../../Users/Stefan/source/UnrealRepos/MazeRunner/Content/StarterContent/Textures/T_Ground_Grass_N.uasset" 302
"../../../../../../Users/Stefan/source/UnrealRepos/MazeRunner/Content/StarterContent/Textures/T_Perlin_Noise_M.uasset" 303
"../../../../../../Users/Stefan/source/UnrealRepos/MazeRunner/Content/StarterContent/Materials/M_Ground_Grass.uasset" 304
"../../../../../../Users/Stefan/source/UnrealRepos/MazeRunner/Content/Meshes/CornerPathMesh.uasset" 305
"../../../../../../Users/Stefan/source/UnrealRepos/MazeRunner/Content/StarterContent/Materials/M_Glass.uasset" 306
"../../../../../../Users/Stefan/source/UnrealRepos/MazeRunner/Content/StarterContent/Textures/T_Wood_Walnut_D.uasset" 307
"../../../../../../Users/Stefan/source/UnrealRepos/MazeRunner/Content/StarterContent/Textures/T_Wood_Walnut_N.uasset" 308
"../../../../../../Users/Stefan/source/UnrealRepos/MazeRunner/Content/StarterContent/Materials/M_Wood_Walnut.uasset" 309
"../../../../../../Users/Stefan/source/UnrealRepos/MazeRunner/Content/Meshes/Crossroad4_mesh.uasset" 310
"../../../../../../Users/Stefan/source/UnrealRepos/MazeRunner/Content/StarterContent/Textures/T_Detail_Rocky_N.uasset" 311
"../../../../../../Users/Stefan/source/UnrealRepos/MazeRunner/Content/StarterContent/Textures/T_Rock_Basalt_D.uasset" 312
"../../../../../../Users/Stefan/source/UnrealRepos/MazeRunner/Content/StarterContent/Textures/T_RockMesh_M.uasset" 313
"../../../../../../Users/Stefan/source/UnrealRepos/MazeRunner/Content/StarterContent/Textures/T_RockMesh_N.uasset" 314
"../../../../../../Users/Stefan/source/UnrealRepos/MazeRunner/Content/StarterContent/Props/Materials/M_Rock.uasset" 315
"../../../../../../Users/Stefan/source/UnrealRepos/MazeRunner/Content/Meshes/EndTile_Mesh.uasset" 316
"../../../../../../Users/Stefan/source/UnrealRepos/MazeRunner/Content/Meshes/EnemySpawnerRoom.uasset" 317
"../../../../../../Users/Stefan/source/UnrealRepos/MazeRunner/Content/Meshes/LightsOnPuzzle_Mesh.uasset" 318
"../../../../../../Users/Stefan/source/UnrealRepos/MazeRunner/Content/StarterContent/Textures/T_CobbleStone_Pebble_D.uasset" 319
"../../../../../../Users/Stefan/source/UnrealRepos/MazeRunner/Content/StarterContent/Textures/T_CobbleStone_Pebble_M.uasset" 320
"../../../../../../Users/Stefan/source/UnrealRepos/MazeRunner/Content/StarterContent/Textures/T_CobbleStone_Pebble_N.uasset" 321
"../../../../../../Users/Stefan/source/UnrealRepos/MazeRunner/Content/StarterContent/Materials/M_CobbleStone_Pebble.uasset" 322
"../../../../../../Users/Stefan/source/UnrealRepos/MazeRunner/Content/Meshes/PitFallPath_Mesh.uasset" 323
"../../../../../../Users/Stefan/source/UnrealRepos/MazeRunner/Content/Meshes/PuzzleRoomHamiltonian_Mesh.uasset" 324
"../../../Engine/Content/BasicShapes/BasicShapeMaterial.uasset" 325
"../../../../../../Users/Stefan/source/UnrealRepos/MazeRunner/Content/StarterContent/Textures/T_CobbleStone_Smooth_D.uasset" 326
"../../../../../../Users/Stefan/source/UnrealRepos/MazeRunner/Content/StarterContent/Textures/T_CobbleStone_Smooth_M.uasset" 327
"../../../../../../Users/Stefan/source/UnrealRepos/MazeRunner/Content/StarterContent/Textures/T_CobbleStone_Smooth_N.uasset" 328
"../../../../../../Users/Stefan/source/UnrealRepos/MazeRunner/Content/StarterContent/Textures/T_Gradinet_01.uasset" 329
"../../../../../../Users/Stefan/source/UnrealRepos/MazeRunner/Content/StarterContent/Textures/T_Rock_Smooth_Granite_D.uasset" 330
"../../../../../../Users/Stefan/source/UnrealRepos/MazeRunner/Content/StarterContent/Materials/M_CobbleStone_Smooth.uasset" 331
"../../../../../../Users/Stefan/source/UnrealRepos/MazeRunner/Content/Meshes/StairTile_Mesh.uasset" 332
"../../../../../../Users/Stefan/source/UnrealRepos/MazeRunner/Content/Meshes/StartTile_Mesh.uasset" 333
"../../../../../../Users/Stefan/source/UnrealRepos/MazeRunner/Content/Meshes/TCross_Mesh.uasset" 334
"../../../../../../Users/Stefan/source/UnrealRepos/MazeRunner/Content/Meshes/TTunnelCross_Mesh.uasset" 335
"../../../../../../Users/Stefan/source/UnrealRepos/MazeRunner/Content/StarterContent/Textures/T_Wood_Oak_Mat.uasset" 336
"../../../../../../Users/Stefan/source/UnrealRepos/MazeRunner/Content/Meshes/Tunnel_Mesh.uasset" 337
"../../../../../../Users/Stefan/source/UnrealRepos/MazeRunner/Content/Meshes/TunnelPathCorner_Mesh.uasset" 338
"../../../../../../Users/Stefan/source/UnrealRepos/MazeRunner/Content/Meshes/TunnelPathCrossRoad_Mesh.uasset" 339
"../../../../../../Users/Stefan/source/UnrealRepos/MazeRunner/Content/Meshes/WidePath_Mesh.uasset" 340
"../../../../../../Users/Stefan/source/UnrealRepos/MazeRunner/Content/StarterContent/Materials/M_Basic_Wall.uasset" 341
"../../../../../../Users/Stefan/source/UnrealRepos/MazeRunner/Content/StarterContent/Architecture/Wall_400x300.uasset" 342
"../../../../../../Users/Stefan/source/UnrealRepos/MazeRunner/Content/Maps/TileMaps/TileData.uasset" 343
"../../../../../../Users/Stefan/source/UnrealRepos/MazeRunner/Content/Maps/MazeLevel1_BuiltData.uasset" 344
"../../../../../../Users/Stefan/source/UnrealRepos/MazeRunner/Content/Maps/MazeLevel1.umap" 345
"../../../../../../Users/Stefan/source/UnrealRepos/MazeRunner/Content/Blueprint/HUD_Blueprints/MainMenu_HUD.uasset" 346
"../../../../../../Users/Stefan/source/UnrealRepos/MazeRunner/Content/GameModes/MainMenuGameMode_BP.uasset" 347
"../../../../../../Users/Stefan/source/UnrealRepos/MazeRunner/Content/Maps/MainMenuLevel/MainMenu_BuiltData.uasset" 348
"../../../../../../Users/Stefan/source/UnrealRepos/MazeRunner/Content/FirstPersonCPP/Interface/MainMenu.uasset" 349
"../../../../../../Users/Stefan/source/UnrealRepos/MazeRunner/Content/Maps/MainMenuLevel/MainMenu.umap" 350
"../../../Engine/Content/EditorResources/S_KBSJoint.uasset" 351
"../../../../../../Users/Stefan/source/UnrealRepos/MazeRunner/Content/DungeonGenerator/Blueprints/TileConnection.uasset" 352
"../../../Engine/Content/EditorMaterials/TargetIconSpawn.uasset" 353
"../../../../../../Users/Stefan/source/UnrealRepos/MazeRunner/Content/DungeonGenerator/Blueprints/DungeonTileHelper.uasset" 354
"../../../../../../Users/Stefan/source/UnrealRepos/MazeRunner/Content/Blueprint/JunkItems/BarrelMesh/Textures/BaseTextures/B_N.uasset" 355
"../../../../../../Users/Stefan/source/UnrealRepos/MazeRunner/Content/Blueprint/JunkItems/BarrelMesh/Textures/BaseTextures/BB_D.uasset" 356
"../../../../../../Users/Stefan/source/UnrealRepos/MazeRunner/Content/Blueprint/JunkItems/BarrelMesh/Textures/BaseTextures/BG_D.uasset" 357
"../../../../../../Users/Stefan/source/UnrealRepos/MazeRunner/Content/Blueprint/JunkItems/BarrelMesh/Textures/BaseTextures/T_MASK1.uasset" 358
"../../../../../../Users/Stefan/source/UnrealRepos/MazeRunner/Content/Blueprint/JunkItems/BarrelMesh/Textures/BaseTextures/T_MASK2.uasset" 359
"../../../../../../Users/Stefan/source/UnrealRepos/MazeRunner/Content/Blueprint/JunkItems/BarrelMesh/Materials/BaseMaterial/M_base.uasset" 360
"../../../../../../Users/Stefan/source/UnrealRepos/MazeRunner/Content/Blueprint/JunkItems/BarrelMesh/Textures/T_Barrel01_D.uasset" 361
"../../../../../../Users/Stefan/source/UnrealRepos/MazeRunner/Content/Blueprint/JunkItems/BarrelMesh/Textures/T_Barrel01_N.uasset" 362
"../../../../../../Users/Stefan/source/UnrealRepos/MazeRunner/Content/Blueprint/JunkItems/BarrelMesh/Textures/T_Barrel01_SRM.uasset" 363
"../../../../../../Users/Stefan/source/UnrealRepos/MazeRunner/Content/Blueprint/JunkItems/BarrelMesh/Materials/MI_Barrel01_1.uasset" 364
"../../../../../../Users/Stefan/source/UnrealRepos/MazeRunner/Content/Blueprint/JunkItems/BarrelMesh/Meshes/SM_Barrel01.uasset" 365
"../../../../../../Users/Stefan/source/UnrealRepos/MazeRunner/Content/Blueprint/JunkItems/Junk1.uasset" 366
"../../../../../../Users/Stefan/source/UnrealRepos/MazeRunner/Content/Blueprint/JunkItems/CrateMesh/Meshes/SM_Box01.uasset" 367
"../../../../../../Users/Stefan/source/UnrealRepos/MazeRunner/Content/Blueprint/JunkItems/Junk2.uasset" 368
"../../../../../../Users/Stefan/source/UnrealRepos/MazeRunner/Content/Blueprint/JunkItems/CartonBoxMesh/Textures/BaseTextures/B_N.uasset" 369
"../../../../../../Users/Stefan/source/UnrealRepos/MazeRunner/Content/Blueprint/JunkItems/CartonBoxMesh/Textures/BaseTextures/BB_D.uasset" 370
"../../../../../../Users/Stefan/source/UnrealRepos/MazeRunner/Content/Blueprint/JunkItems/CartonBoxMesh/Textures/BaseTextures/BG_D.uasset" 371
"../../../../../../Users/Stefan/source/UnrealRepos/MazeRunner/Content/Blueprint/JunkItems/CartonBoxMesh/Textures/BaseTextures/T_MASK1.uasset" 372
"../../../../../../Users/Stefan/source/UnrealRepos/MazeRunner/Content/Blueprint/JunkItems/CartonBoxMesh/Textures/BaseTextures/T_MASK2.uasset" 373
"../../../../../../Users/Stefan/source/UnrealRepos/MazeRunner/Content/Blueprint/JunkItems/CartonBoxMesh/Materials/BaseMaterial/M_base.uasset" 374
"../../../../../../Users/Stefan/source/UnrealRepos/MazeRunner/Content/Blueprint/JunkItems/CartonBoxMesh/Textures/T_Cartonbox01_D.uasset" 375
"../../../../../../Users/Stefan/source/UnrealRepos/MazeRunner/Content/Blueprint/JunkItems/CartonBoxMesh/Textures/T_Cartonbox01_N.uasset" 376
"../../../../../../Users/Stefan/source/UnrealRepos/MazeRunner/Content/Blueprint/JunkItems/CartonBoxMesh/Textures/T_Cartonbox01_SRM.uasset" 377
"../../../../../../Users/Stefan/source/UnrealRepos/MazeRunner/Content/Blueprint/JunkItems/CartonBoxMesh/Materials/MI_Cartonbox01_1.uasset" 378
"../../../../../../Users/Stefan/source/UnrealRepos/MazeRunner/Content/Blueprint/JunkItems/CartonBoxMesh/Meshes/SM_CartonBox01.uasset" 379
"../../../../../../Users/Stefan/source/UnrealRepos/MazeRunner/Content/Blueprint/JunkItems/Junk3.uasset" 380
"../../../../../../Users/Stefan/source/UnrealRepos/MazeRunner/Content/Blueprint/JunkItems/JunkSpawner.uasset" 381
"../../../../../../Users/Stefan/source/UnrealRepos/MazeRunner/Content/Maps/TileMaps/CornerPath/Corner_BuiltData.uasset" 382
"../../../Engine/Content/BasicShapes/Sphere.uasset" 383
"../../../../../../Users/Stefan/source/UnrealRepos/MazeRunner/Content/StarterContent/Architecture/Floor_Corner_400x400x3.uasset" 384
"../../../../../../Users/Stefan/source/UnrealRepos/MazeRunner/Content/StarterContent/Architecture/Wall_400x300_1x1_Corner.uasset" 385
"../../../../../../Users/Stefan/source/UnrealRepos/MazeRunner/Content/StarterContent/Architecture/Wall_400x300_1x1_RoundCorner.uasset" 386
"../../../../../../Users/Stefan/source/UnrealRepos/MazeRunner/Content/Maps/TileMaps/CornerPath/Corner.umap" 387
"../../../../../../Users/Stefan/source/UnrealRepos/MazeRunner/Content/Maps/TileMaps/CornerTunnel/CornerTunnel.umap" 388
"../../../../../../Users/Stefan/source/UnrealRepos/MazeRunner/Content/Maps/TileMaps/CrossPath/Crossroad4_BuiltData.uasset" 389
"../../../../../../Users/Stefan/source/UnrealRepos/MazeRunner/Content/Assets/10X10Corner.uasset" 390
"../../../../../../Users/Stefan/source/UnrealRepos/MazeRunner/Content/StarterContent/Architecture/Floor_400x400_1x1x1x1_Cross.uasset" 391
"../../../../../../Users/Stefan/source/UnrealRepos/MazeRunner/Content/StarterContent/Architecture/Wall_400x300_1x1_Corner_x4.uasset" 392
"../../../../../../Users/Stefan/source/UnrealRepos/MazeRunner/Content/Maps/TileMaps/CrossPath/Crossroad4.umap" 393
"../../../../../../Users/Stefan/source/UnrealRepos/MazeRunner/Content/StarterContent/Textures/T_Metal_Gold_D.uasset" 394
"../../../../../../Users/Stefan/source/UnrealRepos/MazeRunner/Content/StarterContent/Materials/M_Metal_Gold.uasset" 395
"../../../../../../Users/Stefan/source/UnrealRepos/MazeRunner/Content/FirstPersonCPP/Interface/Victory.uasset" 396
"../../../../../../Users/Stefan/source/UnrealRepos/MazeRunner/Content/Blueprint/EndPortal.uasset" 397
"../../../../../../Users/Stefan/source/UnrealRepos/MazeRunner/Content/Maps/TileMaps/EndTile/EndTile_BuiltData.uasset" 398
"../../../../../../Users/Stefan/source/UnrealRepos/MazeRunner/Content/StarterContent/Architecture/Floor_400x400_5x5.uasset" 399
"../../../../../../Users/Stefan/source/UnrealRepos/MazeRunner/Content/StarterContent/Architecture/Wall_400x300_U_5x5.uasset" 400
"../../../../../../Users/Stefan/source/UnrealRepos/MazeRunner/Content/StarterContent/Architecture/Wall_400x300x2.uasset" 401
"../../../../../../Users/Stefan/source/UnrealRepos/MazeRunner/Content/Maps/TileMaps/EndTile/EndTile.umap" 402
"../../../Engine/Content/EngineMeshes/Humanoid.uasset" 403
"../../../../../../Users/Stefan/source/UnrealRepos/MazeRunner/Content/MilitaryCharDark/MW_Style2_Male_Skeleton.uasset" 404
"../../../../../../Users/Stefan/source/UnrealRepos/MazeRunner/Content/AnimStarterPack/TexAim_Space_Ironsights.uasset" 405
"../../../../../../Users/Stefan/source/UnrealRepos/MazeRunner/Content/AnimStarterPack/TexAimCenter.uasset" 406
"../../../../../../Users/Stefan/source/UnrealRepos/MazeRunner/Content/AnimStarterPack/TexAimDown.uasset" 407
"../../../../../../Users/Stefan/source/UnrealRepos/MazeRunner/Content/AnimStarterPack/TexAimUp.uasset" 408
"../../../../../../Users/Stefan/source/UnrealRepos/MazeRunner/Content/AnimStarterPack/TexAimOffset.uasset" 409
"../../../../../../Users/Stefan/source/UnrealRepos/MazeRunner/Content/AnimStarterPack/TexCrouch_Idle_Rifle_Hip.uasset" 410
"../../../../../../Users/Stefan/source/UnrealRepos/MazeRunner/Content/AnimStarterPack/TexDeath_2.uasset" 411
"../../../../../../Users/Stefan/source/UnrealRepos/MazeRunner/Content/AnimStarterPack/TexAim_Space_Ironsights1.uasset" 412
"../../../../../../Users/Stefan/source/UnrealRepos/MazeRunner/Content/AnimStarterPack/TexFire_Rifle_Ironsights_Enemy.uasset" 413
"../../../../../../Users/Stefan/source/UnrealRepos/MazeRunner/Content/AnimStarterPack/TexIdle_Rifle_Hip.uasset" 414
"../../../../../../Users/Stefan/source/UnrealRepos/MazeRunner/Content/AnimStarterPack/TexIdle_Rifle_Ironsights.uasset" 415
"../../../../../../Users/Stefan/source/UnrealRepos/MazeRunner/Content/AnimStarterPack/TexJump_From_Jog.uasset" 416
"../../../../../../Users/Stefan/source/UnrealRepos/MazeRunner/Content/AnimStarterPack/TexJump_From_Stand.uasset" 417
"../../../../../../Users/Stefan/source/UnrealRepos/MazeRunner/Content/AnimStarterPack/TexCrouch_Walk_Bwd_Rifle_Hip.uasset" 418
"../../../../../../Users/Stefan/source/UnrealRepos/MazeRunner/Content/AnimStarterPack/TexCrouch_Walk_Fwd_Rifle_Hip.uasset" 419
"../../../../../../Users/Stefan/source/UnrealRepos/MazeRunner/Content/AnimStarterPack/TexCrouch_Walk_Lt_Rifle_Hip.uasset" 420
"../../../../../../Users/Stefan/source/UnrealRepos/MazeRunner/Content/AnimStarterPack/TexCrouch_Walk_Rt_Rifle_Hip.uasset" 421
"../../../../../../Users/Stefan/source/UnrealRepos/MazeRunner/Content/AnimStarterPack/Animations/TexBS_CrouchWalk.uasset" 422
"../../../../../../Users/Stefan/source/UnrealRepos/MazeRunner/Content/AnimStarterPack/TexJog_Bwd_Rifle.uasset" 423
"../../../../../../Users/Stefan/source/UnrealRepos/MazeRunner/Content/AnimStarterPack/TexJog_Fwd_Rifle.uasset" 424
"../../../../../../Users/Stefan/source/UnrealRepos/MazeRunner/Content/AnimStarterPack/TexJog_Lt_Rifle.uasset" 425
"../../../../../../Users/Stefan/source/UnrealRepos/MazeRunner/Content/AnimStarterPack/TexJog_Rt_Rifle.uasset" 426
"../../../../../../Users/Stefan/source/UnrealRepos/MazeRunner/Content/AnimStarterPack/Animations/TexBS_Jog.uasset" 427
"../../../../../../Users/Stefan/source/UnrealRepos/MazeRunner/Content/AnimStarterPack/TexWalk_Bwd_Rifle_Ironsights.uasset" 428
"../../../../../../Users/Stefan/source/UnrealRepos/MazeRunner/Content/AnimStarterPack/TexWalk_Fwd_Rifle_Ironsights.uasset" 429
"../../../../../../Users/Stefan/source/UnrealRepos/MazeRunner/Content/AnimStarterPack/TexWalk_Lt_Rifle_Ironsights.uasset" 430
"../../../../../../Users/Stefan/source/UnrealRepos/MazeRunner/Content/AnimStarterPack/TexWalk_Rt_Rifle_Ironsights.uasset" 431
"../../../../../../Users/Stefan/source/UnrealRepos/MazeRunner/Content/AnimStarterPack/Animations/TexWalk_Shoot.uasset" 432
"../../../../../../Users/Stefan/source/UnrealRepos/MazeRunner/Content/AudioAndMusic/WalkSoundAttenuation.uasset" 433
"../../../../../../Users/Stefan/source/UnrealRepos/MazeRunner/Content/AnimStarterPack/Animations/TexEnemy_Animation_BP.uasset" 434
"../../../../../../Users/Stefan/source/UnrealRepos/MazeRunner/Content/AIBehavior/EnemyData.uasset" 435
"../../../../../../Users/Stefan/source/UnrealRepos/MazeRunner/Content/AIBehavior/Chase.uasset" 436
"../../../../../../Users/Stefan/source/UnrealRepos/MazeRunner/Content/AIBehavior/FindWalkableLocation.uasset" 437
"../../../../../../Users/Stefan/source/UnrealRepos/MazeRunner/Content/AIBehavior/Patrol.uasset" 438
"../../../../../../Users/Stefan/source/UnrealRepos/MazeRunner/Content/AIBehavior/ClearLastLocation.uasset" 439
"../../../../../../Users/Stefan/source/UnrealRepos/MazeRunner/Content/AIBehavior/Suspecion.uasset" 440
"../../../../../../Users/Stefan/source/UnrealRepos/MazeRunner/Content/AIBehavior/FocusServices.uasset" 441
"../../../../../../Users/Stefan/source/UnrealRepos/MazeRunner/Content/AIBehavior/UpdateLastLocation.uasset" 442
"../../../../../../Users/Stefan/source/UnrealRepos/MazeRunner/Content/AIBehavior/Guard.uasset" 443
"../../../../../../Users/Stefan/source/UnrealRepos/MazeRunner/Content/AI/EnemyControl.uasset" 444
"../../../../../../Users/Stefan/source/UnrealRepos/MazeRunner/Content/FirstPerson/Animations/FirstPerson_Fire.uasset" 445
"../../../../../../Users/Stefan/source/UnrealRepos/MazeRunner/Content/FirstPerson/Animations/FirstPersonFire_Montage.uasset" 446
"../../../../../../Users/Stefan/source/UnrealRepos/MazeRunner/Content/FirstPersonCPP/Blueprints/EnemnyProjectile.uasset" 447
"../../../../../../Users/Stefan/source/UnrealRepos/MazeRunner/Content/FirstPersonCPP/Blueprints/EnemyGun_BP.uasset" 448
"../../../../../../Users/Stefan/source/UnrealRepos/MazeRunner/Content/MilitaryCharDark/Textures/MW_Style2_Female_Diff.uasset" 449
"../../../../../../Users/Stefan/source/UnrealRepos/MazeRunner/Content/MilitaryCharDark/Textures/MW_Style2_Female_Masks.uasset" 450
"../../../../../../Users/Stefan/source/UnrealRepos/MazeRunner/Content/MilitaryCharDark/Textures/MW_Style2_Female_Masks2.uasset" 451
"../../../../../../Users/Stefan/source/UnrealRepos/MazeRunner/Content/MilitaryCharDark/Textures/MW_Style2_Female_Masks3.uasset" 452
"../../../../../../Users/Stefan/source/UnrealRepos/MazeRunner/Content/MilitaryCharDark/Textures/MW_Style2_Female_Norm.uasset" 453
"../../../../../../Users/Stefan/source/UnrealRepos/MazeRunner/Content/MilitaryCharDark/Materials/M_CharacterMaster_01.uasset" 454
"../../../../../../Users/Stefan/source/UnrealRepos/MazeRunner/Content/MilitaryCharDark/Textures/MW_Style2_Male_Diff.uasset" 455
"../../../../../../Users/Stefan/source/UnrealRepos/MazeRunner/Content/MilitaryCharDark/Textures/MW_Style2_Male_Masks.uasset" 456
"../../../../../../Users/Stefan/source/UnrealRepos/MazeRunner/Content/MilitaryCharDark/Textures/MW_Style2_Male_Masks2.uasset" 457
"../../../../../../Users/Stefan/source/UnrealRepos/MazeRunner/Content/MilitaryCharDark/Textures/MW_Style2_Male_Masks3.uasset" 458
"../../../../../../Users/Stefan/source/UnrealRepos/MazeRunner/Content/MilitaryCharDark/Materials/M_CharacterM2_Inst.uasset" 459
"../../../../../../Users/Stefan/source/UnrealRepos/MazeRunner/Content/FirstPersonCPP/Interface/EnemyUI/EnemyUI.uasset" 460
"../../../../../../Users/Stefan/source/UnrealRepos/MazeRunner/Content/MilitaryCharDark/MW_Style2_PhysicsAsset.uasset" 461
"../../../../../../Users/Stefan/source/UnrealRepos/MazeRunner/Content/MilitaryCharDark/MW_Style2_Male.uasset" 462
"../../../../../../Users/Stefan/source/UnrealRepos/MazeRunner/Content/FirstPersonCPP/Blueprints/Enemy_BP.uasset" 463
"../../../../../../Users/Stefan/source/UnrealRepos/MazeRunner/Content/Blueprint/EnemySpawner.uasset" 464
"../../../../../../Users/Stefan/source/UnrealRepos/MazeRunner/Content/StarterContent/Architecture/Floor_400x400_3x3.uasset" 465
"../../../../../../Users/Stefan/source/UnrealRepos/MazeRunner/Content/StarterContent/Architecture/Wall_400x300_3x1.uasset" 466
"../../../../../../Users/Stefan/source/UnrealRepos/MazeRunner/Content/Maps/TileMaps/EnemySpawnerRoom/EnemySpawnerRoom.umap" 467
"../../../../../../Users/Stefan/source/UnrealRepos/MazeRunner/Content/Maps/TileMaps/EnemySpawnerTunnelRoom/EnemySpawnerTunnelRoom.umap" 468
"../../../../../../Users/Stefan/source/UnrealRepos/MazeRunner/Content/Maps/TileMaps/InvisTunnelPath/InvisTunnelPath_BuiltData.uasset" 469
"../../../../../../Users/Stefan/source/UnrealRepos/MazeRunner/Content/StarterContent/Architecture/Wall_400x300x3.uasset" 470
"../../../../../../Users/Stefan/source/UnrealRepos/MazeRunner/Content/StarterContent/Architecture/WoodTunnelFloorx3.uasset" 471
"../../../../../../Users/Stefan/source/UnrealRepos/MazeRunner/Content/Maps/TileMaps/InvisTunnelPath/InvisTunnelPath.umap" 472
"../../../../../../Users/Stefan/source/UnrealRepos/MazeRunner/Content/Maps/TileMaps/InvisWallPath/InvisPathTile_BuiltData.uasset" 473
"../../../../../../Users/Stefan/source/UnrealRepos/MazeRunner/Content/StarterContent/Architecture/Floor_400x400x3.uasset" 474
"../../../../../../Users/Stefan/source/UnrealRepos/MazeRunner/Content/Maps/TileMaps/InvisWallPath/InvisPathTile.umap" 475
"../../../../../../Users/Stefan/source/UnrealRepos/MazeRunner/Content/StarterContent/Textures/T_Door_M.uasset" 476
"../../../../../../Users/Stefan/source/UnrealRepos/MazeRunner/Content/StarterContent/Textures/T_Door_N.uasset" 477
"../../../../../../Users/Stefan/source/UnrealRepos/MazeRunner/Content/StarterContent/Props/Materials/M_Door.uasset" 478
"../../../../../../Users/Stefan/source/UnrealRepos/MazeRunner/Content/StarterContent/Props/SM_Door.uasset" 479
"../../../../../../Users/Stefan/source/UnrealRepos/MazeRunner/Content/Blueprint/Door_Blueprint.uasset" 480
"../../../Engine/Content/BasicShapes/Cube.uasset" 481
"../../../../../../Users/Stefan/source/UnrealRepos/MazeRunner/Content/Blueprint/PressurePlate.uasset" 482
"../../../../../../Users/Stefan/source/UnrealRepos/MazeRunner/Content/Blueprint/Puzzle/Hamiltonian/HamiltonianKeyPadPlate.uasset" 483
"../../../../../../Users/Stefan/source/UnrealRepos/MazeRunner/Content/Blueprint/Puzzle/LightsON/PuzzlePlateChecker.uasset" 484
"../../../../../../Users/Stefan/source/UnrealRepos/MazeRunner/Content/Blueprint/Puzzle/LightsON/PuzzlePlate.uasset" 485
"../../../../../../Users/Stefan/source/UnrealRepos/MazeRunner/Content/StarterContent/Architecture/DoorWall_400x300_U.uasset" 486
"../../../../../../Users/Stefan/source/UnrealRepos/MazeRunner/Content/StarterContent/Architecture/Wall_400x300_5x2.uasset" 487
"../../../../../../Users/Stefan/source/UnrealRepos/MazeRunner/Content/Maps/TileMaps/LightsOnPuzzle/LightsOnPuzzle.umap" 488
"../../../../../../Users/Stefan/source/UnrealRepos/MazeRunner/Content/StarterContent/Architecture/PitFloor_400x300x3.uasset" 489
"../../../../../../Users/Stefan/source/UnrealRepos/MazeRunner/Content/StarterContent/Architecture/SpikeFloor_400x400x3.uasset" 490
"../../../../../../Users/Stefan/source/UnrealRepos/MazeRunner/Content/Blueprint/Traps/PitFallTrap.uasset" 491
"../../../../../../Users/Stefan/source/UnrealRepos/MazeRunner/Content/Maps/TileMaps/PitFallPath/PitFallPath_BuiltData.uasset" 492
"../../../../../../Users/Stefan/source/UnrealRepos/MazeRunner/Content/Geometry/FloorPipe.uasset" 493
"../../../../../../Users/Stefan/source/UnrealRepos/MazeRunner/Content/Maps/TileMaps/PitFallPath/PitFallPath.umap" 494
"../../../../../../Users/Stefan/source/UnrealRepos/MazeRunner/Content/StarterContent/Props/Materials/M_StatueGlass.uasset" 495
"../../../../../../Users/Stefan/source/UnrealRepos/MazeRunner/Content/StarterContent/Props/SM_Statue.uasset" 496
"../../../../../../Users/Stefan/source/UnrealRepos/MazeRunner/Content/Blueprint/Puzzle/ColourPuzzleBluePrint/BlueItem.uasset" 497
"../../../../../../Users/Stefan/source/UnrealRepos/MazeRunner/Content/Assets/Box.uasset" 498
"../../../../../../Users/Stefan/source/UnrealRepos/MazeRunner/Content/Blueprint/Puzzle/ColourPuzzleBluePrint/BoxBlueprint.uasset" 499
"../../../../../../Users/Stefan/source/UnrealRepos/MazeRunner/Content/Blueprint/Puzzle/ColourPuzzleBluePrint/GreenItem.uasset" 500
"../../../../../../Users/Stefan/source/UnrealRepos/MazeRunner/Content/Assets/Tiny_box.uasset" 501
"../../../../../../Users/Stefan/source/UnrealRepos/MazeRunner/Content/Blueprint/Puzzle/ColourPuzzleBluePrint/RedItem.uasset" 502
"../../../../../../Users/Stefan/source/UnrealRepos/MazeRunner/Content/StarterContent/Props/SM_Rock.uasset" 503
"../../../../../../Users/Stefan/source/UnrealRepos/MazeRunner/Content/Blueprint/Puzzle/ColourPuzzleBluePrint/YellowItem.uasset" 504
"../../../../../../Users/Stefan/source/UnrealRepos/MazeRunner/Content/StarterContent/Architecture/3x3_400x300_WithDoors.uasset" 505
"../../../../../../Users/Stefan/source/UnrealRepos/MazeRunner/Content/StarterContent/Props/SM_Chair.uasset" 506
"../../../../../../Users/Stefan/source/UnrealRepos/MazeRunner/Content/StarterContent/Props/SM_Couch.uasset" 507
"../../../../../../Users/Stefan/source/UnrealRepos/MazeRunner/Content/StarterContent/Props/SM_DoorFrame.uasset" 508
"../../../../../../Users/Stefan/source/UnrealRepos/MazeRunner/Content/StarterContent/Props/SM_Lamp_Wall.uasset" 509
"../../../../../../Users/Stefan/source/UnrealRepos/MazeRunner/Content/StarterContent/Props/SM_Shelf.uasset" 510
"../../../../../../Users/Stefan/source/UnrealRepos/MazeRunner/Content/StarterContent/Materials/M_Basic_Floor.uasset" 511
"../../../../../../Users/Stefan/source/UnrealRepos/MazeRunner/Content/StarterContent/Props/SM_Stairs.uasset" 512
"../../../../../../Users/Stefan/source/UnrealRepos/MazeRunner/Content/StarterContent/Props/SM_TableRound.uasset" 513
"../../../../../../Users/Stefan/source/UnrealRepos/MazeRunner/Content/Maps/TileMaps/RightColourPuzzleMap/ColourPuzzle.umap" 514
"../../../../../../Users/Stefan/source/UnrealRepos/MazeRunner/Content/StarterContent/Textures/T_Brick_Cut_Stone_D.uasset" 515
"../../../../../../Users/Stefan/source/UnrealRepos/MazeRunner/Content/StarterContent/Textures/T_Brick_Cut_Stone_N.uasset" 516
"../../../../../../Users/Stefan/source/UnrealRepos/MazeRunner/Content/StarterContent/Materials/M_Brick_Cut_Stone.uasset" 517
"../../../../../../Users/Stefan/source/UnrealRepos/MazeRunner/Content/StarterContent/Textures/T_Metal_Aluminum_D.uasset" 518
"../../../../../../Users/Stefan/source/UnrealRepos/MazeRunner/Content/StarterContent/Materials/M_Metal_Burnished_Steel.uasset" 519
"../../../../../../Users/Stefan/source/UnrealRepos/MazeRunner/Content/Geometry/Spike_Mesh.uasset" 520
"../../../../../../Users/Stefan/source/UnrealRepos/MazeRunner/Content/Blueprint/Traps/SpikeTrap.uasset" 521
"../../../../../../Users/Stefan/source/UnrealRepos/MazeRunner/Content/Maps/TileMaps/SpikeTrapCornerPath/SpikeTrapCorner_BuiltData.uasset" 522
"../../../../../../Users/Stefan/source/UnrealRepos/MazeRunner/Content/Maps/TileMaps/SpikeTrapCornerPath/SpikeTrapCorner.umap" 523
"../../../../../../Users/Stefan/source/UnrealRepos/MazeRunner/Content/Maps/TileMaps/SpikeTrapTilePath/SpikeTrapTile_BuiltData.uasset" 524
"../../../../../../Users/Stefan/source/UnrealRepos/MazeRunner/Content/Maps/TileMaps/SpikeTrapTilePath/SpikeTrapTile.umap" 525
"../../../../../../Users/Stefan/source/UnrealRepos/MazeRunner/Content/Maps/TileMaps/SpikeTrapTunnelPath/SpikeTrapTunnelPath_BuiltData.uasset" 526
"../../../../../../Users/Stefan/source/UnrealRepos/MazeRunner/Content/Maps/TileMaps/SpikeTrapTunnelPath/SpikeTrapTunnelPath.umap" 527
"../../../../../../Users/Stefan/source/UnrealRepos/MazeRunner/Content/Maps/TileMaps/StairPath/StairTile_BuiltData.uasset" 528
"../../../../../../Users/Stefan/source/UnrealRepos/MazeRunner/Content/Assets/Stairs.uasset" 529
"../../../../../../Users/Stefan/source/UnrealRepos/MazeRunner/Content/StarterContent/Architecture/Floor_400x400.uasset" 530
"../../../../../../Users/Stefan/source/UnrealRepos/MazeRunner/Content/StarterContent/Architecture/Floor_400x400x4.uasset" 531
"../../../../../../Users/Stefan/source/UnrealRepos/MazeRunner/Content/StarterContent/Architecture/StairRoof.uasset" 532
"../../../../../../Users/Stefan/source/UnrealRepos/MazeRunner/Content/StarterContent/Architecture/StairWallSide.uasset" 533
"../../../../../../Users/Stefan/source/UnrealRepos/MazeRunner/Content/Maps/TileMaps/StairPath/StairTile.umap" 534
"../../../../../../Users/Stefan/source/UnrealRepos/MazeRunner/Content/Blueprint/PlayerSpawner.uasset" 535
"../../../../../../Users/Stefan/source/UnrealRepos/MazeRunner/Content/Maps/TileMaps/StartTile/StartTile_BuiltData.uasset" 536
"../../../../../../Users/Stefan/source/UnrealRepos/MazeRunner/Content/Maps/TileMaps/StartTile/StartTile.umap" 537
"../../../../../../Users/Stefan/source/UnrealRepos/MazeRunner/Content/Maps/TileMaps/TCross/TCross_BuiltData.uasset" 538
"../../../../../../Users/Stefan/source/UnrealRepos/MazeRunner/Content/StarterContent/Architecture/Floor_TCross_400x400x3.uasset" 539
"../../../../../../Users/Stefan/source/UnrealRepos/MazeRunner/Content/StarterContent/Architecture/Wall_400x300_1x1_TCross.uasset" 540
"../../../../../../Users/Stefan/source/UnrealRepos/MazeRunner/Content/Maps/TileMaps/TCross/TCross.umap" 541
"../../../../../../Users/Stefan/source/UnrealRepos/MazeRunner/Content/Maps/TileMaps/TCrossTrap/TCrossTrap_BuiltData.uasset" 542
"../../../../../../Users/Stefan/source/UnrealRepos/MazeRunner/Content/Maps/TileMaps/TCrossTrap/TCrossTrap.umap" 543
"../../../../../../Users/Stefan/source/UnrealRepos/MazeRunner/Content/Maps/TileMaps/TTunnelCross/TTunnelCross_BuiltData.uasset" 544
"../../../../../../Users/Stefan/source/UnrealRepos/MazeRunner/Content/Maps/TileMaps/TTunnelCross/TTunnelCross.umap" 545
"../../../../../../Users/Stefan/source/UnrealRepos/MazeRunner/Content/StarterContent/Architecture/CrossRoadFloor4Tunnel.uasset" 546
"../../../../../../Users/Stefan/source/UnrealRepos/MazeRunner/Content/Maps/TileMaps/TunnelCrossRoad/TunnelCrossRoad.umap" 547
"../../../../../../Users/Stefan/source/UnrealRepos/MazeRunner/Content/Maps/TileMaps/TunnelPath/TunnelPath_BuiltData.uasset" 548
"../../../../../../Users/Stefan/source/UnrealRepos/MazeRunner/Content/Maps/TileMaps/TunnelPath/TunnelPath.umap" 549
"../../../../../../Users/Stefan/source/UnrealRepos/MazeRunner/Content/Maps/TileMaps/WideDeadEnd/WideDeadEnd_BuiltData.uasset" 550
"../../../../../../Users/Stefan/source/UnrealRepos/MazeRunner/Content/Maps/TileMaps/WideDeadEnd/WideDeadEnd.umap" 551
"../../../../../../Users/Stefan/source/UnrealRepos/MazeRunner/Content/Maps/TileMaps/WidePath/WidePathTile_BuiltData.uasset" 552
"../../../../../../Users/Stefan/source/UnrealRepos/MazeRunner/Content/Maps/TileMaps/WidePath/WidePathTile.umap" 553
